CRITICAL - 2025-07-09 04:47:45 --> ErrorException: Undefined variable $row
[Method: GET, Route: artikel/Artikel-pertama]
in APPPATH\Views\artikel\detail.php on line 6.
 1 APPPATH\Views\artikel\detail.php(6): CodeIgniter\Debug\Exceptions->errorHandler(2, 'Undefined variable $row', 'D:\\xampp\\htdocs\\lab11_ci\\ci4\\app\\Views\\artikel\\detail.php', 6)
 2 SYSTEMPATH\View\View.php(224): include('D:\\xampp\\htdocs\\lab11_ci\\ci4\\app\\Views\\artikel\\detail.php')
 3 SYSTEMPATH\View\View.php(227): CodeIgniter\View\View->CodeIgniter\View\{closure}()
 4 SYSTEMPATH\Common.php(1173): CodeIgniter\View\View->render('artikel/detail', [], true)
 5 APPPATH\Controllers\Artikel.php(29): view('artikel/detail', [...])
 6 SYSTEMPATH\CodeIgniter.php(933): App\Controllers\Artikel->view('Artikel-pertama')
 7 SYSTEMPATH\CodeIgniter.php(507): CodeIgniter\CodeIgniter->runController(Object(App\Controllers\Artikel))
 8 SYSTEMPATH\CodeIgniter.php(354): CodeIgniter\CodeIgniter->handleRequest(null, Object(Config\Cache), false)
 9 SYSTEMPATH\Boot.php(334): CodeIgniter\CodeIgniter->run()
10 SYSTEMPATH\Boot.php(67): CodeIgniter\Boot::runCodeIgniter(Object(CodeIgniter\CodeIgniter))
11 FCPATH\index.php(56): CodeIgniter\Boot::bootWeb(Object(Config\Paths))
12 SYSTEMPATH\rewrite.php(44): require_once('D:\\xampp\\htdocs\\lab11_ci\\ci4\\public\\index.php')
CRITICAL - 2025-07-09 06:11:43 --> ParseError: syntax error, unexpected token "<<", expecting "]"
[Method: GET, Route: admin/artikel/edit/8]
in APPPATH\Config\Database.php on line 30.
 1 SYSTEMPATH\Autoloader\Autoloader.php(295): CodeIgniter\Autoloader\Autoloader->includeFile('D:\\xampp\\htdocs\\lab11_ci\\ci4\\app\\Config\\Database.php')
 2 SYSTEMPATH\Autoloader\Autoloader.php(271): CodeIgniter\Autoloader\Autoloader->loadInNamespace('Config\\Database')
 3 SYSTEMPATH\Debug\Toolbar\Collectors\Database.php(258): CodeIgniter\Autoloader\Autoloader->loadClass('Config\\Database')
 4 SYSTEMPATH\Debug\Toolbar\Collectors\Database.php(75): CodeIgniter\Debug\Toolbar\Collectors\Database->getConnections()
 5 SYSTEMPATH\Debug\Toolbar.php(67): CodeIgniter\Debug\Toolbar\Collectors\Database->__construct()
 6 SYSTEMPATH\Config\Services.php(796): CodeIgniter\Debug\Toolbar->__construct(Object(Config\Toolbar))
 7 SYSTEMPATH\Config\BaseService.php(312): CodeIgniter\Config\Services::toolbar(Object(Config\Toolbar), false)
 8 SYSTEMPATH\Config\BaseService.php(251): CodeIgniter\Config\BaseService::__callStatic('toolbar', [...])
 9 SYSTEMPATH\Config\Services.php(791): CodeIgniter\Config\BaseService::getSharedInstance('toolbar', null)
10 SYSTEMPATH\Config\BaseService.php(321): CodeIgniter\Config\Services::toolbar()
11 SYSTEMPATH\Config\BaseService.php(202): CodeIgniter\Config\BaseService::__callStatic('toolbar', [])
12 SYSTEMPATH\Common.php(1000): CodeIgniter\Config\BaseService::get('toolbar')
13 APPPATH\Config\Events.php(47): service('toolbar')
14 SYSTEMPATH\Events\Events.php(155): CodeIgniter\Events\Events::Config\{closure}()
15 SYSTEMPATH\CodeIgniter.php(339): CodeIgniter\Events\Events::trigger('pre_system')
16 SYSTEMPATH\Boot.php(334): CodeIgniter\CodeIgniter->run()
17 SYSTEMPATH\Boot.php(67): CodeIgniter\Boot::runCodeIgniter(Object(CodeIgniter\CodeIgniter))
18 FCPATH\index.php(56): CodeIgniter\Boot::bootWeb(Object(Config\Paths))
19 SYSTEMPATH\rewrite.php(44): require_once('D:\\xampp\\htdocs\\lab11_ci\\ci4\\public\\index.php')
CRITICAL - 2025-07-09 06:11:53 --> ParseError: syntax error, unexpected token "<<", expecting "]"
[Method: GET, Route: admin/artikel/add]
in APPPATH\Config\Database.php on line 30.
 1 SYSTEMPATH\Autoloader\Autoloader.php(295): CodeIgniter\Autoloader\Autoloader->includeFile('D:\\xampp\\htdocs\\lab11_ci\\ci4\\app\\Config\\Database.php')
 2 SYSTEMPATH\Autoloader\Autoloader.php(271): CodeIgniter\Autoloader\Autoloader->loadInNamespace('Config\\Database')
 3 SYSTEMPATH\Debug\Toolbar\Collectors\Database.php(258): CodeIgniter\Autoloader\Autoloader->loadClass('Config\\Database')
 4 SYSTEMPATH\Debug\Toolbar\Collectors\Database.php(75): CodeIgniter\Debug\Toolbar\Collectors\Database->getConnections()
 5 SYSTEMPATH\Debug\Toolbar.php(67): CodeIgniter\Debug\Toolbar\Collectors\Database->__construct()
 6 SYSTEMPATH\Config\Services.php(796): CodeIgniter\Debug\Toolbar->__construct(Object(Config\Toolbar))
 7 SYSTEMPATH\Config\BaseService.php(312): CodeIgniter\Config\Services::toolbar(Object(Config\Toolbar), false)
 8 SYSTEMPATH\Config\BaseService.php(251): CodeIgniter\Config\BaseService::__callStatic('toolbar', [...])
 9 SYSTEMPATH\Config\Services.php(791): CodeIgniter\Config\BaseService::getSharedInstance('toolbar', null)
10 SYSTEMPATH\Config\BaseService.php(321): CodeIgniter\Config\Services::toolbar()
11 SYSTEMPATH\Config\BaseService.php(202): CodeIgniter\Config\BaseService::__callStatic('toolbar', [])
12 SYSTEMPATH\Common.php(1000): CodeIgniter\Config\BaseService::get('toolbar')
13 APPPATH\Config\Events.php(47): service('toolbar')
14 SYSTEMPATH\Events\Events.php(155): CodeIgniter\Events\Events::Config\{closure}()
15 SYSTEMPATH\CodeIgniter.php(339): CodeIgniter\Events\Events::trigger('pre_system')
16 SYSTEMPATH\Boot.php(334): CodeIgniter\CodeIgniter->run()
17 SYSTEMPATH\Boot.php(67): CodeIgniter\Boot::runCodeIgniter(Object(CodeIgniter\CodeIgniter))
18 FCPATH\index.php(56): CodeIgniter\Boot::bootWeb(Object(Config\Paths))
19 SYSTEMPATH\rewrite.php(44): require_once('D:\\xampp\\htdocs\\lab11_ci\\ci4\\public\\index.php')
